Apr-21 14:04:17.592 [main] DEBUG nextflow.cli.Launcher - $> nextflow photometry_pipeline.nf --file test_sessions
Apr-21 14:04:17.637 [main] DEBUG nextflow.cli.CmdRun - N E X T F L O W  ~  version 25.10.4
Apr-21 14:04:17.648 [main] DEBUG nextflow.plugin.PluginsFacade - Setting up plugin manager > mode=prod; embedded=false; plugins-dir=/home/ibladmin/.nextflow/plugins; core-plugins: nf-amazon@3.4.4,nf-azure@1.20.2,nf-cloudcache@0.5.0,nf-codecommit@0.5.0,nf-console@1.3.0,nf-google@1.23.5,nf-k8s@1.2.2,nf-tower@1.17.5,nf-wave@1.16.1
Apr-21 14:04:17.659 [main] INFO  o.pf4j.DefaultPluginStatusProvider - Enabled plugins: []
Apr-21 14:04:17.660 [main] INFO  o.pf4j.DefaultPluginStatusProvider - Disabled plugins: []
Apr-21 14:04:17.661 [main] INFO  org.pf4j.DefaultPluginManager - PF4J version 3.12.0 in 'deployment' mode
Apr-21 14:04:17.668 [main] DEBUG nextflow.util.RetryConfig - Missing nextflow session - using default retry config
Apr-21 14:04:17.736 [main] INFO  org.pf4j.AbstractPluginManager - No plugins
Apr-21 14:04:17.750 [main] DEBUG nextflow.config.ConfigBuilder - Found config local: /home/ibladmin/Documents/georg/code/iblsre/servers/nextflow/pipelines/photometry/nextflow.config
Apr-21 14:04:17.751 [main] DEBUG nextflow.config.ConfigBuilder - Parsing config file: /home/ibladmin/Documents/georg/code/iblsre/servers/nextflow/pipelines/photometry/nextflow.config
Apr-21 14:04:17.762 [main] DEBUG nextflow.config.ConfigBuilder - Applying config profile: `standard`
Apr-21 14:04:17.981 [main] DEBUG nextflow.plugin.PluginsFacade - Plugins declared=[nf-schema@2.1.0]
Apr-21 14:04:17.982 [main] DEBUG nextflow.plugin.PluginsFacade - Plugins default=[]
Apr-21 14:04:17.982 [main] DEBUG nextflow.plugin.PluginsFacade - Plugins resolved requirement=[nf-schema@2.1.0]
Apr-21 14:04:18.266 [main] DEBUG n.plugin.HttpPluginRepository - Registry request: https://registry.nextflow.io/api/v1/plugins/dependencies?plugins=nf-schema%402.1.0&nextflowVersion=25.10.4
- code: 200
- body: {"plugins":[{"id":"nf-schema","releases":[{"version":"2.1.0","url":"https://registry.nextflow.io/api/v1/plugins/nf-schema/2.1.0/download/nf-schema-2.1.0.zip","date":"2024-08-20T12:36:43.703588Z","sha512sum":"ff6b3cd7a169a0136aa2a3e70884ef0866a9741793c3383813d659aabde160cdb5b47175e119179105b78060d7d8e1d583951b69bdeb515ef2660fee8fabfb69","requires":">=23.10.0","dependsOn":[],"status":"PUBLISHED"}],"projectUrl":"https://github.com/nextflow-io/nf-schema","provider":"nextflow-io"}]}
Apr-21 14:04:18.287 [main] DEBUG nextflow.plugin.PluginUpdater - Installing plugin nf-schema version: 2.1.0
Apr-21 14:04:18.292 [main] INFO  org.pf4j.AbstractPluginManager - Plugin 'nf-schema@2.1.0' resolved
Apr-21 14:04:18.292 [main] INFO  org.pf4j.AbstractPluginManager - Start plugin 'nf-schema@2.1.0'
Apr-21 14:04:18.295 [main] DEBUG nextflow.plugin.BasePlugin - Plugin started nf-schema@2.1.0
Apr-21 14:04:18.303 [main] DEBUG n.secret.LocalSecretsProvider - Secrets store: /home/ibladmin/.nextflow/secrets/store.json
Apr-21 14:04:18.304 [main] DEBUG nextflow.secret.SecretsLoader - Discovered secrets providers: [nextflow.secret.LocalSecretsProvider@7efa3f63] - activable => nextflow.secret.LocalSecretsProvider@7efa3f63
Apr-21 14:04:18.306 [main] DEBUG nextflow.cli.CmdRun - Applied DSL=2 by global default
Apr-21 14:04:18.314 [main] DEBUG nextflow.cli.CmdRun - Launching `photometry_pipeline.nf` [prickly_goldstine] DSL2 - revision: 3868178dc0
Apr-21 14:04:18.340 [main] DEBUG nextflow.Session - Session UUID: 37c31834-2da0-4d25-ad6e-930e6b45b1b1
Apr-21 14:04:18.340 [main] DEBUG nextflow.Session - Run name: prickly_goldstine
Apr-21 14:04:18.340 [main] DEBUG nextflow.Session - Executor pool size: 32
Apr-21 14:04:18.345 [main] DEBUG nextflow.file.FilePorter - File porter settings maxRetries=3; maxTransfers=50; pollTimeout=null
Apr-21 14:04:18.347 [main] DEBUG nextflow.util.ThreadPoolBuilder - Creating thread pool 'FileTransfer' minSize=10; maxSize=96; workQueue=LinkedBlockingQueue[-1]; allowCoreThreadTimeout=false
Apr-21 14:04:18.356 [main] DEBUG nextflow.cli.CmdRun - 
  Version: 25.10.4 build 11173
  Created: 10-02-2026 15:17 UTC (15:17 WEST)
  System: Linux 6.8.0-40-generic
  Runtime: Groovy 4.0.28 on OpenJDK 64-Bit Server VM 17.0.10+7
  Encoding: UTF-8 (UTF-8)
  Process: 1248266@parede [127.0.1.1]
  CPUs: 32 - Mem: 62.7 GB (10.1 GB) - Swap: 2 GB (670 MB)
Apr-21 14:04:18.367 [main] DEBUG nextflow.Session - Work-dir: /home/ibladmin/Documents/georg/code/iblsre/servers/nextflow/pipelines/photometry/work [ext2/ext3]
Apr-21 14:04:18.367 [main] DEBUG nextflow.Session - Script base path does not exist or is not a directory: /home/ibladmin/Documents/georg/code/iblsre/servers/nextflow/pipelines/photometry/bin
Apr-21 14:04:18.372 [main] DEBUG nextflow.executor.ExecutorFactory - Extension executors providers=[]
Apr-21 14:04:18.378 [main] DEBUG nextflow.Session - Observer factory (v2): LinObserverFactory
Apr-21 14:04:18.380 [main] DEBUG nextflow.Session - Observer factory (v2): DefaultObserverFactory
Apr-21 14:04:18.401 [main] DEBUG nextflow.cache.CacheFactory - Using Nextflow cache factory: nextflow.cache.DefaultCacheFactory
Apr-21 14:04:18.406 [main] DEBUG nextflow.util.CustomThreadPool - Creating default thread pool > poolSize: 33; maxThreads: 1000
Apr-21 14:04:18.441 [main] DEBUG nextflow.Session - Session start
Apr-21 14:04:18.699 [main] DEBUG nextflow.script.ScriptRunner - > Launching execution
Apr-21 14:04:18.791 [main] DEBUG nextflow.executor.ExecutorFactory - << taskConfig executor: null
Apr-21 14:04:18.792 [main] DEBUG nextflow.executor.ExecutorFactory - >> processorType: 'local'
Apr-21 14:04:18.797 [main] DEBUG nextflow.executor.Executor - [warm up] executor > local
Apr-21 14:04:18.800 [main] DEBUG n.processor.LocalPollingMonitor - Creating local task monitor for executor 'local' > cpus=32; memory=62.7 GB; capacity=32; pollInterval=100ms; dumpInterval=5m
Apr-21 14:04:18.801 [main] DEBUG n.processor.TaskPollingMonitor - >>> barrier register (monitor: local)
Apr-21 14:04:18.813 [main] DEBUG nextflow.processor.TaskProcessor - Creating process 'PARSE_EXPERIMENT_DESCRIPTION': maxForks=0; fair=false; array=0
Apr-21 14:04:18.839 [main] DEBUG nextflow.executor.ExecutorFactory - << taskConfig executor: null
Apr-21 14:04:18.839 [main] DEBUG nextflow.executor.ExecutorFactory - >> processorType: 'local'
Apr-21 14:04:18.839 [main] DEBUG nextflow.processor.TaskProcessor - Creating process 'PHOTOMETRY_SYNC_DAQ': maxForks=0; fair=false; array=0
Apr-21 14:04:18.842 [main] DEBUG nextflow.executor.ExecutorFactory - << taskConfig executor: null
Apr-21 14:04:18.842 [main] DEBUG nextflow.executor.ExecutorFactory - >> processorType: 'local'
Apr-21 14:04:18.842 [main] DEBUG nextflow.processor.TaskProcessor - Creating process 'PHOTOMETRY_SYNC_BPOD': maxForks=0; fair=false; array=0
Apr-21 14:04:18.843 [main] DEBUG nextflow.Session - Workflow process names [dsl2]: PHOTOMETRY_SYNC_PASSIVE, PARSE_EXPERIMENT_DESCRIPTION, PHOTOMETRY_SYNC_BPOD, PHOTOMETRY_SYNC_DAQ
Apr-21 14:04:18.844 [main] DEBUG nextflow.Session - Igniting dataflow network (4)
Apr-21 14:04:18.847 [main] DEBUG nextflow.processor.TaskProcessor - Starting process > PARSE_EXPERIMENT_DESCRIPTION
Apr-21 14:04:18.847 [main] DEBUG nextflow.processor.TaskProcessor - Starting process > PHOTOMETRY_SYNC_DAQ
Apr-21 14:04:18.848 [main] DEBUG nextflow.processor.TaskProcessor - Starting process > PHOTOMETRY_SYNC_BPOD
Apr-21 14:04:18.848 [main] DEBUG nextflow.script.ScriptRunner - Parsed script files:
  Script_d1331f3f4299759e: /home/ibladmin/Documents/georg/code/iblsre/servers/nextflow/pipelines/photometry/photometry_pipeline.nf
Apr-21 14:04:18.848 [main] DEBUG nextflow.script.ScriptRunner - > Awaiting termination 
Apr-21 14:04:18.848 [main] DEBUG nextflow.Session - Session await
Apr-21 14:04:18.947 [Task submitter] DEBUG n.executor.local.LocalTaskHandler - Launch cmd line: /bin/bash -ue .command.run
Apr-21 14:04:18.949 [Task submitter] INFO  nextflow.Session - [32/e0a27f] Submitted process > PARSE_EXPERIMENT_DESCRIPTION (2)
Apr-21 14:04:18.956 [Task submitter] DEBUG n.executor.local.LocalTaskHandler - Launch cmd line: /bin/bash -ue .command.run
Apr-21 14:04:18.957 [Task submitter] INFO  nextflow.Session - [f5/4cd398] Submitted process > PARSE_EXPERIMENT_DESCRIPTION (1)
Apr-21 14:04:19.374 [Task monitor] DEBUG n.processor.TaskPollingMonitor - Task completed > TaskHandler[id: 1; name: PARSE_EXPERIMENT_DESCRIPTION (1); status: COMPLETED; exit: 0; error: -; workDir: /home/ibladmin/Documents/georg/code/iblsre/servers/nextflow/pipelines/photometry/work/f5/4cd398d76c369007b8891e666952c3]
Apr-21 14:04:19.375 [Task monitor] DEBUG nextflow.util.ThreadPoolBuilder - Creating thread pool 'TaskFinalizer' minSize=10; maxSize=96; workQueue=LinkedBlockingQueue[-1]; allowCoreThreadTimeout=false
Apr-21 14:04:19.401 [Task submitter] DEBUG n.executor.local.LocalTaskHandler - Launch cmd line: /bin/bash -ue .command.run
Apr-21 14:04:19.401 [Task submitter] INFO  nextflow.Session - [af/3e2bfb] Submitted process > PHOTOMETRY_SYNC_DAQ (1)
Apr-21 14:04:19.406 [Task monitor] DEBUG n.processor.TaskPollingMonitor - Task completed > TaskHandler[id: 2; name: PARSE_EXPERIMENT_DESCRIPTION (2); status: COMPLETED; exit: 0; error: -; workDir: /home/ibladmin/Documents/georg/code/iblsre/servers/nextflow/pipelines/photometry/work/32/e0a27fa6718495c5719a4f62db8973]
Apr-21 14:04:19.414 [Task submitter] DEBUG n.executor.local.LocalTaskHandler - Launch cmd line: /bin/bash -ue .command.run
Apr-21 14:04:19.414 [Task submitter] INFO  nextflow.Session - [fd/0d0492] Submitted process > PHOTOMETRY_SYNC_DAQ (2)
Apr-21 14:04:26.794 [Task monitor] DEBUG n.processor.TaskPollingMonitor - Task completed > TaskHandler[id: 3; name: PHOTOMETRY_SYNC_DAQ (1); status: COMPLETED; exit: 0; error: -; workDir: /home/ibladmin/Documents/georg/code/iblsre/servers/nextflow/pipelines/photometry/work/af/3e2bfb28463efa89ab3b59e56a1d0b]
Apr-21 14:04:27.273 [Task monitor] DEBUG n.processor.TaskPollingMonitor - Task completed > TaskHandler[id: 4; name: PHOTOMETRY_SYNC_DAQ (2); status: COMPLETED; exit: 0; error: -; workDir: /home/ibladmin/Documents/georg/code/iblsre/servers/nextflow/pipelines/photometry/work/fd/0d0492018e07ab18a57ed1a857a3d9]
Apr-21 14:04:27.274 [main] DEBUG nextflow.Session - Session await > all processes finished
Apr-21 14:04:27.374 [Task monitor] DEBUG n.processor.TaskPollingMonitor - <<< barrier arrives (monitor: local) - terminating tasks monitor poll loop
Apr-21 14:04:27.374 [main] DEBUG nextflow.Session - Session await > all barriers passed
Apr-21 14:04:27.376 [main] DEBUG nextflow.util.ThreadPoolManager - Thread pool 'TaskFinalizer' shutdown completed (hard=false)
Apr-21 14:04:27.382 [main] DEBUG n.trace.WorkflowStatsObserver - Workflow completed > WorkflowStats[succeededCount=4; failedCount=0; ignoredCount=0; cachedCount=0; pendingCount=0; submittedCount=0; runningCount=0; retriesCount=0; abortedCount=0; succeedDuration=15.9s; failedDuration=0ms; cachedDuration=0ms;loadCpus=0; loadMemory=0; peakRunning=2; peakCpus=2; peakMemory=0; ]
Apr-21 14:04:27.474 [main] DEBUG nextflow.cache.CacheDB - Closing CacheDB done
Apr-21 14:04:27.483 [main] INFO  org.pf4j.AbstractPluginManager - Stop plugin 'nf-schema@2.1.0'
Apr-21 14:04:27.483 [main] DEBUG nextflow.plugin.BasePlugin - Plugin stopped nf-schema
Apr-21 14:04:27.484 [main] DEBUG nextflow.util.ThreadPoolManager - Thread pool 'FileTransfer' shutdown completed (hard=false)
Apr-21 14:04:27.484 [main] DEBUG nextflow.script.ScriptRunner - > Execution complete -- Goodbye
